0 info it worked if it ends with ok
1 verbose cli [ '/usr/bin/nodejs', '/usr/bin/npm', 'install' ]
2 info using npm@3.5.2
3 info using node@v4.7.2
4 silly loadCurrentTree Starting
5 silly install loadCurrentTree
6 silly install readLocalPackageData
7 silly install normalizeTree
8 silly loadCurrentTree Finishing
9 silly loadIdealTree Starting
10 silly install loadIdealTree
11 silly cloneCurrentTree Starting
12 silly install cloneCurrentTreeToIdealTree
13 silly cloneCurrentTree Finishing
14 silly loadShrinkwrap Starting
15 silly install loadShrinkwrap
16 silly loadShrinkwrap Finishing
17 silly loadAllDepsIntoIdealTree Starting
18 silly install loadAllDepsIntoIdealTree
19 silly fetchNamedPackageData fsevents
20 silly mapToRegistry name fsevents
21 silly mapToRegistry using default registry
22 silly mapToRegistry registry https://registry.npmjs.org/
23 silly mapToRegistry uri https://registry.npmjs.org/fsevents
24 verbose request uri https://registry.npmjs.org/fsevents
25 verbose request no auth needed
26 info attempt registry request try #1 at 15:53:45
27 verbose request id 543091210408a3bb
28 verbose etag "5ada004f-f02a"
29 verbose lastModified Fri, 20 Apr 2018 14:59:27 GMT
30 http request GET https://registry.npmjs.org/fsevents
31 http 304 https://registry.npmjs.org/fsevents
32 verbose headers { date: 'Sun, 22 Apr 2018 14:53:47 GMT',
32 verbose headers   via: '1.1 varnish',
32 verbose headers   'cache-control': 'max-age=300',
32 verbose headers   etag: '"5ada004f-f02a"',
32 verbose headers   age: '13903',
32 verbose headers   connection: 'keep-alive',
32 verbose headers   'x-served-by': 'cache-cdg8723-CDG',
32 verbose headers   'x-cache': 'HIT',
32 verbose headers   'x-cache-hits': '60',
32 verbose headers   'x-timer': 'S1524408827.093906,VS0,VE0',
32 verbose headers   vary: 'Accept-Encoding, Accept' }
33 silly get cb [ 304,
33 silly get   { date: 'Sun, 22 Apr 2018 14:53:47 GMT',
33 silly get     via: '1.1 varnish',
33 silly get     'cache-control': 'max-age=300',
33 silly get     etag: '"5ada004f-f02a"',
33 silly get     age: '13903',
33 silly get     connection: 'keep-alive',
33 silly get     'x-served-by': 'cache-cdg8723-CDG',
33 silly get     'x-cache': 'HIT',
33 silly get     'x-cache-hits': '60',
33 silly get     'x-timer': 'S1524408827.093906,VS0,VE0',
33 silly get     vary: 'Accept-Encoding, Accept' } ]
34 verbose etag https://registry.npmjs.org/fsevents from cache
35 verbose get saving fsevents to /home/gaby/.npm/registry.npmjs.org/fsevents/.cache.json
36 silly resolveWithNewModule fsevents@1.2.0 checking installable status
37 silly loadAllDepsIntoIdealTree Finishing
38 silly idealTree:prePrune sawtooth_bond_backend@0.0.0
38 silly idealTree:prePrune ├── abbrev@1.1.1
38 silly idealTree:prePrune ├── accepts@1.3.5
38 silly idealTree:prePrune ├── after@0.8.2
38 silly idealTree:prePrune ├── ajv@5.5.2
38 silly idealTree:prePrune ├── ansi-align@2.0.0
38 silly idealTree:prePrune ├── ansi-regex@3.0.0
38 silly idealTree:prePrune ├── ansi-styles@3.2.1
38 silly idealTree:prePrune ├── anymatch@2.0.0
38 silly idealTree:prePrune ├── arr-diff@4.0.0
38 silly idealTree:prePrune ├── arr-flatten@1.1.0
38 silly idealTree:prePrune ├── arr-union@3.1.0
38 silly idealTree:prePrune ├── array-flatten@1.1.1
38 silly idealTree:prePrune ├── array-unique@0.3.2
38 silly idealTree:prePrune ├── arraybuffer.slice@0.0.6
38 silly idealTree:prePrune ├── asn1@0.2.3
38 silly idealTree:prePrune ├── assert-plus@1.0.0
38 silly idealTree:prePrune ├── assign-symbols@1.0.0
38 silly idealTree:prePrune ├── async-each@1.0.1
38 silly idealTree:prePrune ├── async@1.0.0
38 silly idealTree:prePrune ├── asynckit@0.4.0
38 silly idealTree:prePrune ├── atob@2.1.0
38 silly idealTree:prePrune ├── aws-sign2@0.7.0
38 silly idealTree:prePrune ├── aws4@1.7.0
38 silly idealTree:prePrune ├── backo2@1.0.2
38 silly idealTree:prePrune ├── balanced-match@1.0.0
38 silly idealTree:prePrune ├── base-x@1.1.0
38 silly idealTree:prePrune ├─┬ base@0.11.2
38 silly idealTree:prePrune │ ├── define-property@1.0.0
38 silly idealTree:prePrune │ ├── is-accessor-descriptor@1.0.0
38 silly idealTree:prePrune │ ├── is-data-descriptor@1.0.0
38 silly idealTree:prePrune │ └── is-descriptor@1.0.2
38 silly idealTree:prePrune ├── base64-arraybuffer@0.1.5
38 silly idealTree:prePrune ├── base64id@1.0.0
38 silly idealTree:prePrune ├── bcrypt-pbkdf@1.0.1
38 silly idealTree:prePrune ├── better-assert@1.0.2
38 silly idealTree:prePrune ├── bigi@1.4.2
38 silly idealTree:prePrune ├── bignumber.js@2.4.0
38 silly idealTree:prePrune ├── binary-extensions@1.11.0
38 silly idealTree:prePrune ├── binstring@0.2.1
38 silly idealTree:prePrune ├── bip66@1.1.5
38 silly idealTree:prePrune ├── bitcoinjs-lib@2.3.0
38 silly idealTree:prePrune ├── blob@0.0.4
38 silly idealTree:prePrune ├── bluebird@3.5.1
38 silly idealTree:prePrune ├── body-parser@1.18.2
38 silly idealTree:prePrune ├── boom@4.3.1
38 silly idealTree:prePrune ├── boxen@1.3.0
38 silly idealTree:prePrune ├── brace-expansion@1.1.11
38 silly idealTree:prePrune ├─┬ braces@2.3.2
38 silly idealTree:prePrune │ └── extend-shallow@2.0.1
38 silly idealTree:prePrune ├── bs58@3.1.0
38 silly idealTree:prePrune ├── bs58check@1.3.4
38 silly idealTree:prePrune ├── buffer-compare@1.1.1
38 silly idealTree:prePrune ├── buffer-equals@1.0.4
38 silly idealTree:prePrune ├── buffer-reverse@1.0.1
38 silly idealTree:prePrune ├── bytes@3.0.0
38 silly idealTree:prePrune ├── cache-base@1.0.1
38 silly idealTree:prePrune ├── callsite@1.0.0
38 silly idealTree:prePrune ├── camelcase@4.1.0
38 silly idealTree:prePrune ├── capture-stack-trace@1.0.0
38 silly idealTree:prePrune ├── caseless@0.12.0
38 silly idealTree:prePrune ├── cbor@1.0.6
38 silly idealTree:prePrune ├── chalk@2.4.0
38 silly idealTree:prePrune ├── chokidar@2.0.3
38 silly idealTree:prePrune ├── ci-info@1.1.3
38 silly idealTree:prePrune ├── cipher-base@1.0.4
38 silly idealTree:prePrune ├─┬ class-utils@0.3.6
38 silly idealTree:prePrune │ └── define-property@0.2.5
38 silly idealTree:prePrune ├── cli-boxes@1.0.0
38 silly idealTree:prePrune ├── co@4.6.0
38 silly idealTree:prePrune ├── collection-visit@1.0.0
38 silly idealTree:prePrune ├── color-convert@1.9.1
38 silly idealTree:prePrune ├── color-name@1.1.3
38 silly idealTree:prePrune ├── colors@1.0.3
38 silly idealTree:prePrune ├── combined-stream@1.0.6
38 silly idealTree:prePrune ├── commander@2.15.1
38 silly idealTree:prePrune ├── component-bind@1.0.0
38 silly idealTree:prePrune ├── component-emitter@1.2.1
38 silly idealTree:prePrune ├── component-inherit@0.0.3
38 silly idealTree:prePrune ├── compressible@2.0.13
38 silly idealTree:prePrune ├── compression@1.7.2
38 silly idealTree:prePrune ├── concat-map@0.0.1
38 silly idealTree:prePrune ├── configstore@3.1.2
38 silly idealTree:prePrune ├── connect-flash@0.1.1
38 silly idealTree:prePrune ├── content-disposition@0.5.2
38 silly idealTree:prePrune ├── content-type@1.0.4
38 silly idealTree:prePrune ├── convert-hex@0.1.0
38 silly idealTree:prePrune ├── convert-string@0.1.0
38 silly idealTree:prePrune ├── cookie-parser@1.4.3
38 silly idealTree:prePrune ├── cookie-signature@1.0.6
38 silly idealTree:prePrune ├── cookie@0.3.1
38 silly idealTree:prePrune ├── copy-descriptor@0.1.1
38 silly idealTree:prePrune ├── core-util-is@1.0.2
38 silly idealTree:prePrune ├── create-error-class@3.0.2
38 silly idealTree:prePrune ├── create-hash@1.2.0
38 silly idealTree:prePrune ├── create-hmac@1.1.7
38 silly idealTree:prePrune ├── cross-spawn@5.1.0
38 silly idealTree:prePrune ├─┬ cryptiles@3.1.2
38 silly idealTree:prePrune │ └── boom@5.2.0
38 silly idealTree:prePrune ├── crypto-random-string@1.0.0
38 silly idealTree:prePrune ├── cycle@1.0.3
38 silly idealTree:prePrune ├── dashdash@1.14.1
38 silly idealTree:prePrune ├── debug@2.6.9
38 silly idealTree:prePrune ├── decode-uri-component@0.2.0
38 silly idealTree:prePrune ├── deep-extend@0.4.2
38 silly idealTree:prePrune ├─┬ define-property@2.0.2
38 silly idealTree:prePrune │ ├── is-accessor-descriptor@1.0.0
38 silly idealTree:prePrune │ ├── is-data-descriptor@1.0.0
38 silly idealTree:prePrune │ └── is-descriptor@1.0.2
38 silly idealTree:prePrune ├── delayed-stream@1.0.0
38 silly idealTree:prePrune ├── delimit-stream@0.1.0
38 silly idealTree:prePrune ├── depd@1.1.2
38 silly idealTree:prePrune ├── destroy@1.0.4
38 silly idealTree:prePrune ├── dot-prop@4.2.0
38 silly idealTree:prePrune ├── duplexer@0.1.1
38 silly idealTree:prePrune ├── duplexer3@0.1.4
38 silly idealTree:prePrune ├── ecc-jsbn@0.1.1
38 silly idealTree:prePrune ├── ecurve@1.0.6
38 silly idealTree:prePrune ├── ee-first@1.1.1
38 silly idealTree:prePrune ├── encodeurl@1.0.2
38 silly idealTree:prePrune ├─┬ engine.io-client@1.8.5
38 silly idealTree:prePrune │ ├── debug@2.3.3
38 silly idealTree:prePrune │ └── ms@0.7.2
38 silly idealTree:prePrune ├── engine.io-parser@1.3.2
38 silly idealTree:prePrune ├─┬ engine.io@1.8.5
38 silly idealTree:prePrune │ ├── accepts@1.3.3
38 silly idealTree:prePrune │ ├── debug@2.3.3
38 silly idealTree:prePrune │ └── ms@0.7.2
38 silly idealTree:prePrune ├── escape-html@1.0.3
38 silly idealTree:prePrune ├── escape-string-regexp@1.0.5
38 silly idealTree:prePrune ├── etag@1.8.1
38 silly idealTree:prePrune ├── event-stream@3.3.4
38 silly idealTree:prePrune ├── execa@0.7.0
38 silly idealTree:prePrune ├── exit@0.1.2
38 silly idealTree:prePrune ├─┬ expand-brackets@2.1.4
38 silly idealTree:prePrune │ ├── define-property@0.2.5
38 silly idealTree:prePrune │ └── extend-shallow@2.0.1
38 silly idealTree:prePrune ├─┬ express@4.16.3
38 silly idealTree:prePrune │ └── statuses@1.4.0
38 silly idealTree:prePrune ├─┬ extend-shallow@3.0.2
38 silly idealTree:prePrune │ └── is-extendable@1.0.1
38 silly idealTree:prePrune ├── extend@3.0.1
38 silly idealTree:prePrune ├─┬ extglob@2.0.4
38 silly idealTree:prePrune │ ├── define-property@1.0.0
38 silly idealTree:prePrune │ ├── extend-shallow@2.0.1
38 silly idealTree:prePrune │ ├── is-accessor-descriptor@1.0.0
38 silly idealTree:prePrune │ ├── is-data-descriptor@1.0.0
38 silly idealTree:prePrune │ └── is-descriptor@1.0.2
38 silly idealTree:prePrune ├── extsprintf@1.3.0
38 silly idealTree:prePrune ├── eyes@0.1.8
38 silly idealTree:prePrune ├── fast-deep-equal@1.1.0
38 silly idealTree:prePrune ├── fast-json-stable-stringify@2.0.0
38 silly idealTree:prePrune ├─┬ fill-range@4.0.0
38 silly idealTree:prePrune │ └── extend-shallow@2.0.1
38 silly idealTree:prePrune ├─┬ finalhandler@1.1.1
38 silly idealTree:prePrune │ └── statuses@1.4.0
38 silly idealTree:prePrune ├── for-in@1.0.2
38 silly idealTree:prePrune ├── forever-agent@0.6.1
38 silly idealTree:prePrune ├── form-data@2.3.2
38 silly idealTree:prePrune ├── forwarded@0.1.2
38 silly idealTree:prePrune ├── fragment-cache@0.2.1
38 silly idealTree:prePrune ├── fresh@0.5.2
38 silly idealTree:prePrune ├── from@0.1.7
38 silly idealTree:prePrune ├── fs.realpath@1.0.0
38 silly idealTree:prePrune ├── get-stream@3.0.0
38 silly idealTree:prePrune ├── get-value@2.0.6
38 silly idealTree:prePrune ├── getpass@0.1.7
38 silly idealTree:prePrune ├─┬ glob-parent@3.1.0
38 silly idealTree:prePrune │ └── is-glob@3.1.0
38 silly idealTree:prePrune ├── glob@7.1.2
38 silly idealTree:prePrune ├── global-dirs@0.1.1
38 silly idealTree:prePrune ├── got@6.7.1
38 silly idealTree:prePrune ├── graceful-fs@4.1.11
38 silly idealTree:prePrune ├── har-schema@2.0.0
38 silly idealTree:prePrune ├── har-validator@5.0.3
38 silly idealTree:prePrune ├─┬ has-binary@0.1.7
38 silly idealTree:prePrune │ └── isarray@0.0.1
38 silly idealTree:prePrune ├── has-cors@1.1.0
38 silly idealTree:prePrune ├── has-flag@3.0.0
38 silly idealTree:prePrune ├── has-value@1.0.0
38 silly idealTree:prePrune ├─┬ has-values@1.0.0
38 silly idealTree:prePrune │ └── kind-of@4.0.0
38 silly idealTree:prePrune ├── hash-base@3.0.4
38 silly idealTree:prePrune ├── hawk@6.0.2
38 silly idealTree:prePrune ├── hoek@4.2.1
38 silly idealTree:prePrune ├── http-errors@1.6.3
38 silly idealTree:prePrune ├── http-signature@1.2.0
38 silly idealTree:prePrune ├── iconv-lite@0.4.19
38 silly idealTree:prePrune ├── ignore-by-default@1.0.1
38 silly idealTree:prePrune ├── immutable@3.8.2
38 silly idealTree:prePrune ├── import-lazy@2.1.0
38 silly idealTree:prePrune ├── imurmurhash@0.1.4
38 silly idealTree:prePrune ├── indexof@0.0.1
38 silly idealTree:prePrune ├── inflight@1.0.6
38 silly idealTree:prePrune ├── inherits@2.0.3
38 silly idealTree:prePrune ├── ini@1.3.5
38 silly idealTree:prePrune ├── ipaddr.js@1.6.0
38 silly idealTree:prePrune ├─┬ is-accessor-descriptor@0.1.6
38 silly idealTree:prePrune │ └── kind-of@3.2.2
38 silly idealTree:prePrune ├── is-binary-path@1.0.1
38 silly idealTree:prePrune ├── is-buffer@1.1.6
38 silly idealTree:prePrune ├── is-ci@1.1.0
38 silly idealTree:prePrune ├─┬ is-data-descriptor@0.1.4
38 silly idealTree:prePrune │ └── kind-of@3.2.2
38 silly idealTree:prePrune ├─┬ is-descriptor@0.1.6
38 silly idealTree:prePrune │ └── kind-of@5.1.0
38 silly idealTree:prePrune ├── is-extendable@0.1.1
38 silly idealTree:prePrune ├── is-extglob@2.1.1
38 silly idealTree:prePrune ├── is-fullwidth-code-point@2.0.0
38 silly idealTree:prePrune ├── is-glob@4.0.0
38 silly idealTree:prePrune ├── is-installed-globally@0.1.0
38 silly idealTree:prePrune ├── is-npm@1.0.0
38 silly idealTree:prePrune ├─┬ is-number@3.0.0
38 silly idealTree:prePrune │ └── kind-of@3.2.2
38 silly idealTree:prePrune ├── is-obj@1.0.1
38 silly idealTree:prePrune ├─┬ is-odd@2.0.0
38 silly idealTree:prePrune │ └── is-number@4.0.0
38 silly idealTree:prePrune ├── is-path-inside@1.0.1
38 silly idealTree:prePrune ├── is-plain-object@2.0.4
38 silly idealTree:prePrune ├── is-redirect@1.0.0
38 silly idealTree:prePrune ├── is-retry-allowed@1.1.0
38 silly idealTree:prePrune ├── is-stream@1.1.0
38 silly idealTree:prePrune ├── is-typedarray@1.0.0
38 silly idealTree:prePrune ├── is-windows@1.0.2
38 silly idealTree:prePrune ├── isarray@1.0.0
38 silly idealTree:prePrune ├── isexe@2.0.0
38 silly idealTree:prePrune ├── isobject@3.0.1
38 silly idealTree:prePrune ├── isstream@0.1.2
38 silly idealTree:prePrune ├── jasmine-core@2.99.1
38 silly idealTree:prePrune ├─┬ jasmine-spec-reporter@2.7.0
38 silly idealTree:prePrune │ └── colors@1.1.2
38 silly idealTree:prePrune ├── jasmine@2.99.0
38 silly idealTree:prePrune ├── js-schema@1.0.1
38 silly idealTree:prePrune ├── jsbn@0.1.1
38 silly idealTree:prePrune ├── json-schema-traverse@0.3.1
38 silly idealTree:prePrune ├── json-schema@0.2.3
38 silly idealTree:prePrune ├── json-stringify-safe@5.0.1
38 silly idealTree:prePrune ├── json-text-sequence@0.1.1
38 silly idealTree:prePrune ├── json3@3.3.2
38 silly idealTree:prePrune ├── jsprim@1.4.1
38 silly idealTree:prePrune ├── kind-of@6.0.2
38 silly idealTree:prePrune ├── latest-version@3.1.0
38 silly idealTree:prePrune ├── lodash@4.17.5
38 silly idealTree:prePrune ├── longjohn@0.2.12
38 silly idealTree:prePrune ├── lowercase-keys@1.0.1
38 silly idealTree:prePrune ├── lru-cache@4.1.2
38 silly idealTree:prePrune ├── make-dir@1.2.0
38 silly idealTree:prePrune ├── map-cache@0.2.2
38 silly idealTree:prePrune ├── map-stream@0.1.0
38 silly idealTree:prePrune ├── map-visit@1.0.0
38 silly idealTree:prePrune ├── md5.js@1.3.4
38 silly idealTree:prePrune ├── media-typer@0.3.0
38 silly idealTree:prePrune ├── merge-descriptors@1.0.1
38 silly idealTree:prePrune ├── methods@1.1.2
38 silly idealTree:prePrune ├── micromatch@3.1.10
38 silly idealTree:prePrune ├── mime-db@1.33.0
38 silly idealTree:prePrune ├── mime-types@2.1.18
38 silly idealTree:prePrune ├── mime@1.4.1
38 silly idealTree:prePrune ├── minimatch@3.0.4
38 silly idealTree:prePrune ├── minimist@1.2.0
38 silly idealTree:prePrune ├─┬ mixin-deep@1.3.1
38 silly idealTree:prePrune │ └── is-extendable@1.0.1
38 silly idealTree:prePrune ├── ms@2.0.0
38 silly idealTree:prePrune ├── nanomatch@1.2.9
38 silly idealTree:prePrune ├── negotiator@0.6.1
38 silly idealTree:prePrune ├─┬ nodemon@1.17.3
38 silly idealTree:prePrune │ └── debug@3.1.0
38 silly idealTree:prePrune ├── nofilter@0.0.3
38 silly idealTree:prePrune ├── nopt@1.0.10
38 silly idealTree:prePrune ├── normalize-path@2.1.1
38 silly idealTree:prePrune ├── npm-run-path@2.0.2
38 silly idealTree:prePrune ├── oauth-sign@0.8.2
38 silly idealTree:prePrune ├── object-assign@4.1.0
38 silly idealTree:prePrune ├── object-component@0.0.3
38 silly idealTree:prePrune ├─┬ object-copy@0.1.0
38 silly idealTree:prePrune │ ├── define-property@0.2.5
38 silly idealTree:prePrune │ └── kind-of@3.2.2
38 silly idealTree:prePrune ├── object-visit@1.0.1
38 silly idealTree:prePrune ├── object.pick@1.3.0
38 silly idealTree:prePrune ├── on-finished@2.3.0
38 silly idealTree:prePrune ├── on-headers@1.0.1
38 silly idealTree:prePrune ├── once@1.4.0
38 silly idealTree:prePrune ├── options@0.0.6
38 silly idealTree:prePrune ├── p-finally@1.0.0
38 silly idealTree:prePrune ├── package-json@4.0.1
38 silly idealTree:prePrune ├── parsejson@0.0.3
38 silly idealTree:prePrune ├── parseqs@0.0.5
38 silly idealTree:prePrune ├── parseuri@0.0.5
38 silly idealTree:prePrune ├── parseurl@1.3.2
38 silly idealTree:prePrune ├── pascalcase@0.1.1
38 silly idealTree:prePrune ├── path-dirname@1.0.2
38 silly idealTree:prePrune ├── path-is-absolute@1.0.1
38 silly idealTree:prePrune ├── path-is-inside@1.0.2
38 silly idealTree:prePrune ├── path-key@2.0.1
38 silly idealTree:prePrune ├── path-to-regexp@0.1.7
38 silly idealTree:prePrune ├── pause-stream@0.0.11
38 silly idealTree:prePrune ├── performance-now@2.1.0
38 silly idealTree:prePrune ├── pify@3.0.0
38 silly idealTree:prePrune ├── pkginfo@0.3.1
38 silly idealTree:prePrune ├── posix-character-classes@0.1.1
38 silly idealTree:prePrune ├── prepend-http@1.0.4
38 silly idealTree:prePrune ├── process-nextick-args@2.0.0
38 silly idealTree:prePrune ├── proxy-addr@2.0.3
38 silly idealTree:prePrune ├── ps-tree@1.1.0
38 silly idealTree:prePrune ├── pseudomap@1.0.2
38 silly idealTree:prePrune ├── pstree.remy@1.1.0
38 silly idealTree:prePrune ├── punycode@1.4.1
38 silly idealTree:prePrune ├── python-shell@0.4.0
38 silly idealTree:prePrune ├── qs@6.5.1
38 silly idealTree:prePrune ├── randombytes@2.0.6
38 silly idealTree:prePrune ├── range-parser@1.2.0
38 silly idealTree:prePrune ├─┬ raw-body@2.3.2
38 silly idealTree:prePrune │ ├── depd@1.1.1
38 silly idealTree:prePrune │ ├── http-errors@1.6.2
38 silly idealTree:prePrune │ └── setprototypeof@1.0.3
38 silly idealTree:prePrune ├── rc@1.2.6
38 silly idealTree:prePrune ├── readable-stream@2.3.6
38 silly idealTree:prePrune ├── readdirp@2.1.0
38 silly idealTree:prePrune ├── regex-not@1.0.2
38 silly idealTree:prePrune ├── registry-auth-token@3.3.2
38 silly idealTree:prePrune ├── registry-url@3.1.0
38 silly idealTree:prePrune ├── remove-trailing-separator@1.1.0
38 silly idealTree:prePrune ├── repeat-element@1.1.2
38 silly idealTree:prePrune ├── repeat-string@1.6.1
38 silly idealTree:prePrune ├── request-promise@3.0.0
38 silly idealTree:prePrune ├── request@2.85.0
38 silly idealTree:prePrune ├── resolve-url@0.2.1
38 silly idealTree:prePrune ├── ret@0.1.15
38 silly idealTree:prePrune ├─┬ rethinkdb@2.3.3
38 silly idealTree:prePrune │ └── bluebird@2.11.0
38 silly idealTree:prePrune ├── ripemd160@2.0.2
38 silly idealTree:prePrune ├── safe-buffer@5.1.1
38 silly idealTree:prePrune ├── safe-regex@1.1.0
38 silly idealTree:prePrune ├─┬ sawtooth-client@0.1.0
38 silly idealTree:prePrune │ ├── bigi@1.4.1
38 silly idealTree:prePrune │ ├── bignumber.js@2.3.0
38 silly idealTree:prePrune │ ├── bitcoinjs-lib@2.2.0
38 silly idealTree:prePrune │ ├── cbor@1.0.4
38 silly idealTree:prePrune │ ├── immutable@3.8.1
38 silly idealTree:prePrune │ ├── underscore@1.8.3
38 silly idealTree:prePrune │ └── wif@1.2.1
38 silly idealTree:prePrune ├── semver-diff@2.1.0
38 silly idealTree:prePrune ├── semver@5.5.0
38 silly idealTree:prePrune ├─┬ send@0.16.2
38 silly idealTree:prePrune │ └── statuses@1.4.0
38 silly idealTree:prePrune ├── serve-static@1.13.2
38 silly idealTree:prePrune ├── set-immediate-shim@1.0.1
38 silly idealTree:prePrune ├─┬ set-value@2.0.0
38 silly idealTree:prePrune │ └── extend-shallow@2.0.1
38 silly idealTree:prePrune ├── setprototypeof@1.1.0
38 silly idealTree:prePrune ├── sha.js@2.4.11
38 silly idealTree:prePrune ├── sha256@0.2.0
38 silly idealTree:prePrune ├── shebang-command@1.2.0
38 silly idealTree:prePrune ├── shebang-regex@1.0.0
38 silly idealTree:prePrune ├── signal-exit@3.0.2
38 silly idealTree:prePrune ├─┬ snapdragon-node@2.1.1
38 silly idealTree:prePrune │ ├── define-property@1.0.0
38 silly idealTree:prePrune │ ├── is-accessor-descriptor@1.0.0
38 silly idealTree:prePrune │ ├── is-data-descriptor@1.0.0
38 silly idealTree:prePrune │ └── is-descriptor@1.0.2
38 silly idealTree:prePrune ├─┬ snapdragon-util@3.0.1
38 silly idealTree:prePrune │ └── kind-of@3.2.2
38 silly idealTree:prePrune ├─┬ snapdragon@0.8.2
38 silly idealTree:prePrune │ ├── define-property@0.2.5
38 silly idealTree:prePrune │ ├── extend-shallow@2.0.1
38 silly idealTree:prePrune │ └── source-map@0.5.7
38 silly idealTree:prePrune ├── sntp@2.1.0
38 silly idealTree:prePrune ├─┬ socket.io-adapter@0.5.0
38 silly idealTree:prePrune │ ├── debug@2.3.3
38 silly idealTree:prePrune │ └── ms@0.7.2
38 silly idealTree:prePrune ├─┬ socket.io-client@1.7.4
38 silly idealTree:prePrune │ ├── debug@2.3.3
38 silly idealTree:prePrune │ └── ms@0.7.2
38 silly idealTree:prePrune ├─┬ socket.io-parser@2.3.1
38 silly idealTree:prePrune │ ├── component-emitter@1.1.2
38 silly idealTree:prePrune │ ├── debug@2.2.0
38 silly idealTree:prePrune │ ├── isarray@0.0.1
38 silly idealTree:prePrune │ └── ms@0.7.1
38 silly idealTree:prePrune ├─┬ socket.io@1.7.4
38 silly idealTree:prePrune │ ├── debug@2.3.3
38 silly idealTree:prePrune │ └── ms@0.7.2
38 silly idealTree:prePrune ├── source-map-resolve@0.5.1
38 silly idealTree:prePrune ├── source-map-support@0.5.4
38 silly idealTree:prePrune ├── source-map-url@0.4.0
38 silly idealTree:prePrune ├── source-map@0.6.1
38 silly idealTree:prePrune ├── split-string@3.1.0
38 silly idealTree:prePrune ├── split@0.3.3
38 silly idealTree:prePrune ├── sshpk@1.14.1
38 silly idealTree:prePrune ├── stack-trace@0.0.10
38 silly idealTree:prePrune ├─┬ static-extend@0.1.2
38 silly idealTree:prePrune │ └── define-property@0.2.5
38 silly idealTree:prePrune ├── statuses@1.5.0
38 silly idealTree:prePrune ├── stream-buffers@3.0.1
38 silly idealTree:prePrune ├── stream-combiner@0.0.4
38 silly idealTree:prePrune ├── string_decoder@1.1.1
38 silly idealTree:prePrune ├── string-width@2.1.1
38 silly idealTree:prePrune ├── stringstream@0.0.5
38 silly idealTree:prePrune ├── strip-ansi@4.0.0
38 silly idealTree:prePrune ├── strip-eof@1.0.0
38 silly idealTree:prePrune ├── strip-json-comments@2.0.1
38 silly idealTree:prePrune ├── supports-color@5.4.0
38 silly idealTree:prePrune ├── term-size@1.2.0
38 silly idealTree:prePrune ├── through@2.3.8
38 silly idealTree:prePrune ├── timed-out@4.0.1
38 silly idealTree:prePrune ├── to-array@0.1.4
38 silly idealTree:prePrune ├─┬ to-object-path@0.3.0
38 silly idealTree:prePrune │ └── kind-of@3.2.2
38 silly idealTree:prePrune ├── to-regex-range@2.1.1
38 silly idealTree:prePrune ├── to-regex@3.0.2
38 silly idealTree:prePrune ├── touch@3.1.0
38 silly idealTree:prePrune ├── tough-cookie@2.3.4
38 silly idealTree:prePrune ├── tunnel-agent@0.6.0
38 silly idealTree:prePrune ├── tweetnacl@0.14.5
38 silly idealTree:prePrune ├── type-is@1.6.16
38 silly idealTree:prePrune ├── typeforce@1.12.0
38 silly idealTree:prePrune ├── ultron@1.0.2
38 silly idealTree:prePrune ├── undefsafe@2.0.2
38 silly idealTree:prePrune ├── underscore@1.9.0
38 silly idealTree:prePrune ├─┬ union-value@1.0.0
38 silly idealTree:prePrune │ ├── extend-shallow@2.0.1
38 silly idealTree:prePrune │ └── set-value@0.4.3
38 silly idealTree:prePrune ├── unique-string@1.0.0
38 silly idealTree:prePrune ├── unpipe@1.0.0
38 silly idealTree:prePrune ├─┬ unset-value@1.0.0
38 silly idealTree:prePrune │ ├─┬ has-value@0.3.1
38 silly idealTree:prePrune │ │ └── isobject@2.1.0
38 silly idealTree:prePrune │ └── has-values@0.1.4
38 silly idealTree:prePrune ├── unzip-response@2.0.1
38 silly idealTree:prePrune ├── upath@1.0.4
38 silly idealTree:prePrune ├── update-notifier@2.5.0
38 silly idealTree:prePrune ├── urix@0.1.0
38 silly idealTree:prePrune ├── url-parse-lax@1.0.0
38 silly idealTree:prePrune ├── use@3.1.0
38 silly idealTree:prePrune ├── util-deprecate@1.0.2
38 silly idealTree:prePrune ├── utils-merge@1.0.1
38 silly idealTree:prePrune ├── uuid@3.2.1
38 silly idealTree:prePrune ├── vary@1.1.2
38 silly idealTree:prePrune ├── verror@1.10.0
38 silly idealTree:prePrune ├── which@1.3.0
38 silly idealTree:prePrune ├── widest-line@2.0.0
38 silly idealTree:prePrune ├── wif@2.0.6
38 silly idealTree:prePrune ├── winston@1.1.2
38 silly idealTree:prePrune ├── wrappy@1.0.2
38 silly idealTree:prePrune ├── write-file-atomic@2.3.0
38 silly idealTree:prePrune ├── ws@1.1.5
38 silly idealTree:prePrune ├── wtf-8@1.0.0
38 silly idealTree:prePrune ├── xdg-basedir@3.0.0
38 silly idealTree:prePrune ├── xmlhttprequest-ssl@1.5.3
38 silly idealTree:prePrune ├── yallist@2.1.2
38 silly idealTree:prePrune └── yeast@0.1.2
39 silly loadIdealTree Finishing
40 silly currentTree sawtooth_bond_backend@0.0.0
40 silly currentTree ├── abbrev@1.1.1
40 silly currentTree ├── accepts@1.3.5
40 silly currentTree ├── after@0.8.2
40 silly currentTree ├── ajv@5.5.2
40 silly currentTree ├── ansi-align@2.0.0
40 silly currentTree ├── ansi-regex@3.0.0
40 silly currentTree ├── ansi-styles@3.2.1
40 silly currentTree ├── anymatch@2.0.0
40 silly currentTree ├── arr-diff@4.0.0
40 silly currentTree ├── arr-flatten@1.1.0
40 silly currentTree ├── arr-union@3.1.0
40 silly currentTree ├── array-flatten@1.1.1
40 silly currentTree ├── array-unique@0.3.2
40 silly currentTree ├── arraybuffer.slice@0.0.6
40 silly currentTree ├── asn1@0.2.3
40 silly currentTree ├── assert-plus@1.0.0
40 silly currentTree ├── assign-symbols@1.0.0
40 silly currentTree ├── async-each@1.0.1
40 silly currentTree ├── async@1.0.0
40 silly currentTree ├── asynckit@0.4.0
40 silly currentTree ├── atob@2.1.0
40 silly currentTree ├── aws-sign2@0.7.0
40 silly currentTree ├── aws4@1.7.0
40 silly currentTree ├── backo2@1.0.2
40 silly currentTree ├── balanced-match@1.0.0
40 silly currentTree ├── base-x@1.1.0
40 silly currentTree ├─┬ base@0.11.2
40 silly currentTree │ ├── define-property@1.0.0
40 silly currentTree │ ├── is-accessor-descriptor@1.0.0
40 silly currentTree │ ├── is-data-descriptor@1.0.0
40 silly currentTree │ └── is-descriptor@1.0.2
40 silly currentTree ├── base64-arraybuffer@0.1.5
40 silly currentTree ├── base64id@1.0.0
40 silly currentTree ├── bcrypt-pbkdf@1.0.1
40 silly currentTree ├── better-assert@1.0.2
40 silly currentTree ├── bigi@1.4.2
40 silly currentTree ├── bignumber.js@2.4.0
40 silly currentTree ├── binary-extensions@1.11.0
40 silly currentTree ├── binstring@0.2.1
40 silly currentTree ├── bip66@1.1.5
40 silly currentTree ├── bitcoinjs-lib@2.3.0
40 silly currentTree ├── blob@0.0.4
40 silly currentTree ├── bluebird@3.5.1
40 silly currentTree ├── body-parser@1.18.2
40 silly currentTree ├── boom@4.3.1
40 silly currentTree ├── boxen@1.3.0
40 silly currentTree ├── brace-expansion@1.1.11
40 silly currentTree ├─┬ braces@2.3.2
40 silly currentTree │ └── extend-shallow@2.0.1
40 silly currentTree ├── bs58@3.1.0
40 silly currentTree ├── bs58check@1.3.4
40 silly currentTree ├── buffer-compare@1.1.1
40 silly currentTree ├── buffer-equals@1.0.4
40 silly currentTree ├── buffer-reverse@1.0.1
40 silly currentTree ├── bytes@3.0.0
40 silly currentTree ├── cache-base@1.0.1
40 silly currentTree ├── callsite@1.0.0
40 silly currentTree ├── camelcase@4.1.0
40 silly currentTree ├── capture-stack-trace@1.0.0
40 silly currentTree ├── caseless@0.12.0
40 silly currentTree ├── cbor@1.0.6
40 silly currentTree ├── chalk@2.4.0
40 silly currentTree ├── chokidar@2.0.3
40 silly currentTree ├── ci-info@1.1.3
40 silly currentTree ├── cipher-base@1.0.4
40 silly currentTree ├─┬ class-utils@0.3.6
40 silly currentTree │ └── define-property@0.2.5
40 silly currentTree ├── cli-boxes@1.0.0
40 silly currentTree ├── co@4.6.0
40 silly currentTree ├── collection-visit@1.0.0
40 silly currentTree ├── color-convert@1.9.1
40 silly currentTree ├── color-name@1.1.3
40 silly currentTree ├── colors@1.0.3
40 silly currentTree ├── combined-stream@1.0.6
40 silly currentTree ├── commander@2.15.1
40 silly currentTree ├── component-bind@1.0.0
40 silly currentTree ├── component-emitter@1.2.1
40 silly currentTree ├── component-inherit@0.0.3
40 silly currentTree ├── compressible@2.0.13
40 silly currentTree ├── compression@1.7.2
40 silly currentTree ├── concat-map@0.0.1
40 silly currentTree ├── configstore@3.1.2
40 silly currentTree ├── connect-flash@0.1.1
40 silly currentTree ├── content-disposition@0.5.2
40 silly currentTree ├── content-type@1.0.4
40 silly currentTree ├── convert-hex@0.1.0
40 silly currentTree ├── convert-string@0.1.0
40 silly currentTree ├── cookie-parser@1.4.3
40 silly currentTree ├── cookie-signature@1.0.6
40 silly currentTree ├── cookie@0.3.1
40 silly currentTree ├── copy-descriptor@0.1.1
40 silly currentTree ├── core-util-is@1.0.2
40 silly currentTree ├── create-error-class@3.0.2
40 silly currentTree ├── create-hash@1.2.0
40 silly currentTree ├── create-hmac@1.1.7
40 silly currentTree ├── cross-spawn@5.1.0
40 silly currentTree ├─┬ cryptiles@3.1.2
40 silly currentTree │ └── boom@5.2.0
40 silly currentTree ├── crypto-random-string@1.0.0
40 silly currentTree ├── cycle@1.0.3
40 silly currentTree ├── dashdash@1.14.1
40 silly currentTree ├── debug@2.6.9
40 silly currentTree ├── decode-uri-component@0.2.0
40 silly currentTree ├── deep-extend@0.4.2
40 silly currentTree ├─┬ define-property@2.0.2
40 silly currentTree │ ├── is-accessor-descriptor@1.0.0
40 silly currentTree │ ├── is-data-descriptor@1.0.0
40 silly currentTree │ └── is-descriptor@1.0.2
40 silly currentTree ├── delayed-stream@1.0.0
40 silly currentTree ├── delimit-stream@0.1.0
40 silly currentTree ├── depd@1.1.2
40 silly currentTree ├── destroy@1.0.4
40 silly currentTree ├── dot-prop@4.2.0
40 silly currentTree ├── duplexer@0.1.1
40 silly currentTree ├── duplexer3@0.1.4
40 silly currentTree ├── ecc-jsbn@0.1.1
40 silly currentTree ├── ecurve@1.0.6
40 silly currentTree ├── ee-first@1.1.1
40 silly currentTree ├── encodeurl@1.0.2
40 silly currentTree ├─┬ engine.io-client@1.8.5
40 silly currentTree │ ├── debug@2.3.3
40 silly currentTree │ └── ms@0.7.2
40 silly currentTree ├── engine.io-parser@1.3.2
40 silly currentTree ├─┬ engine.io@1.8.5
40 silly currentTree │ ├── accepts@1.3.3
40 silly currentTree │ ├── debug@2.3.3
40 silly currentTree │ └── ms@0.7.2
40 silly currentTree ├── escape-html@1.0.3
40 silly currentTree ├── escape-string-regexp@1.0.5
40 silly currentTree ├── etag@1.8.1
40 silly currentTree ├── event-stream@3.3.4
40 silly currentTree ├── execa@0.7.0
40 silly currentTree ├── exit@0.1.2
40 silly currentTree ├─┬ expand-brackets@2.1.4
40 silly currentTree │ ├── define-property@0.2.5
40 silly currentTree │ └── extend-shallow@2.0.1
40 silly currentTree ├─┬ express@4.16.3
40 silly currentTree │ └── statuses@1.4.0
40 silly currentTree ├─┬ extend-shallow@3.0.2
40 silly currentTree │ └── is-extendable@1.0.1
40 silly currentTree ├── extend@3.0.1
40 silly currentTree ├─┬ extglob@2.0.4
40 silly currentTree │ ├── define-property@1.0.0
40 silly currentTree │ ├── extend-shallow@2.0.1
40 silly currentTree │ ├── is-accessor-descriptor@1.0.0
40 silly currentTree │ ├── is-data-descriptor@1.0.0
40 silly currentTree │ └── is-descriptor@1.0.2
40 silly currentTree ├── extsprintf@1.3.0
40 silly currentTree ├── eyes@0.1.8
40 silly currentTree ├── fast-deep-equal@1.1.0
40 silly currentTree ├── fast-json-stable-stringify@2.0.0
40 silly currentTree ├─┬ fill-range@4.0.0
40 silly currentTree │ └── extend-shallow@2.0.1
40 silly currentTree ├─┬ finalhandler@1.1.1
40 silly currentTree │ └── statuses@1.4.0
40 silly currentTree ├── for-in@1.0.2
40 silly currentTree ├── forever-agent@0.6.1
40 silly currentTree ├── form-data@2.3.2
40 silly currentTree ├── forwarded@0.1.2
40 silly currentTree ├── fragment-cache@0.2.1
40 silly currentTree ├── fresh@0.5.2
40 silly currentTree ├── from@0.1.7
40 silly currentTree ├── fs.realpath@1.0.0
40 silly currentTree ├── get-stream@3.0.0
40 silly currentTree ├── get-value@2.0.6
40 silly currentTree ├── getpass@0.1.7
40 silly currentTree ├─┬ glob-parent@3.1.0
40 silly currentTree │ └── is-glob@3.1.0
40 silly currentTree ├── glob@7.1.2
40 silly currentTree ├── global-dirs@0.1.1
40 silly currentTree ├── got@6.7.1
40 silly currentTree ├── graceful-fs@4.1.11
40 silly currentTree ├── har-schema@2.0.0
40 silly currentTree ├── har-validator@5.0.3
40 silly currentTree ├─┬ has-binary@0.1.7
40 silly currentTree │ └── isarray@0.0.1
40 silly currentTree ├── has-cors@1.1.0
40 silly currentTree ├── has-flag@3.0.0
40 silly currentTree ├── has-value@1.0.0
40 silly currentTree ├─┬ has-values@1.0.0
40 silly currentTree │ └── kind-of@4.0.0
40 silly currentTree ├── hash-base@3.0.4
40 silly currentTree ├── hawk@6.0.2
40 silly currentTree ├── hoek@4.2.1
40 silly currentTree ├── http-errors@1.6.3
40 silly currentTree ├── http-signature@1.2.0
40 silly currentTree ├── iconv-lite@0.4.19
40 silly currentTree ├── ignore-by-default@1.0.1
40 silly currentTree ├── immutable@3.8.2
40 silly currentTree ├── import-lazy@2.1.0
40 silly currentTree ├── imurmurhash@0.1.4
40 silly currentTree ├── indexof@0.0.1
40 silly currentTree ├── inflight@1.0.6
40 silly currentTree ├── inherits@2.0.3
40 silly currentTree ├── ini@1.3.5
40 silly currentTree ├── ipaddr.js@1.6.0
40 silly currentTree ├─┬ is-accessor-descriptor@0.1.6
40 silly currentTree │ └── kind-of@3.2.2
40 silly currentTree ├── is-binary-path@1.0.1
40 silly currentTree ├── is-buffer@1.1.6
40 silly currentTree ├── is-ci@1.1.0
40 silly currentTree ├─┬ is-data-descriptor@0.1.4
40 silly currentTree │ └── kind-of@3.2.2
40 silly currentTree ├─┬ is-descriptor@0.1.6
40 silly currentTree │ └── kind-of@5.1.0
40 silly currentTree ├── is-extendable@0.1.1
40 silly currentTree ├── is-extglob@2.1.1
40 silly currentTree ├── is-fullwidth-code-point@2.0.0
40 silly currentTree ├── is-glob@4.0.0
40 silly currentTree ├── is-installed-globally@0.1.0
40 silly currentTree ├── is-npm@1.0.0
40 silly currentTree ├─┬ is-number@3.0.0
40 silly currentTree │ └── kind-of@3.2.2
40 silly currentTree ├── is-obj@1.0.1
40 silly currentTree ├─┬ is-odd@2.0.0
40 silly currentTree │ └── is-number@4.0.0
40 silly currentTree ├── is-path-inside@1.0.1
40 silly currentTree ├── is-plain-object@2.0.4
40 silly currentTree ├── is-redirect@1.0.0
40 silly currentTree ├── is-retry-allowed@1.1.0
40 silly currentTree ├── is-stream@1.1.0
40 silly currentTree ├── is-typedarray@1.0.0
40 silly currentTree ├── is-windows@1.0.2
40 silly currentTree ├── isarray@1.0.0
40 silly currentTree ├── isexe@2.0.0
40 silly currentTree ├── isobject@3.0.1
40 silly currentTree ├── isstream@0.1.2
40 silly currentTree ├── jasmine-core@2.99.1
40 silly currentTree ├─┬ jasmine-spec-reporter@2.7.0
40 silly currentTree │ └── colors@1.1.2
40 silly currentTree ├── jasmine@2.99.0
40 silly currentTree ├── js-schema@1.0.1
40 silly currentTree ├── jsbn@0.1.1
40 silly currentTree ├── json-schema-traverse@0.3.1
40 silly currentTree ├── json-schema@0.2.3
40 silly currentTree ├── json-stringify-safe@5.0.1
40 silly currentTree ├── json-text-sequence@0.1.1
40 silly currentTree ├── json3@3.3.2
40 silly currentTree ├── jsprim@1.4.1
40 silly currentTree ├── kind-of@6.0.2
40 silly currentTree ├── latest-version@3.1.0
40 silly currentTree ├── lodash@4.17.5
40 silly currentTree ├── longjohn@0.2.12
40 silly currentTree ├── lowercase-keys@1.0.1
40 silly currentTree ├── lru-cache@4.1.2
40 silly currentTree ├── make-dir@1.2.0
40 silly currentTree ├── map-cache@0.2.2
40 silly currentTree ├── map-stream@0.1.0
40 silly currentTree ├── map-visit@1.0.0
40 silly currentTree ├── md5.js@1.3.4
40 silly currentTree ├── media-typer@0.3.0
40 silly currentTree ├── merge-descriptors@1.0.1
40 silly currentTree ├── methods@1.1.2
40 silly currentTree ├── micromatch@3.1.10
40 silly currentTree ├── mime-db@1.33.0
40 silly currentTree ├── mime-types@2.1.18
40 silly currentTree ├── mime@1.4.1
40 silly currentTree ├── minimatch@3.0.4
40 silly currentTree ├── minimist@1.2.0
40 silly currentTree ├─┬ mixin-deep@1.3.1
40 silly currentTree │ └── is-extendable@1.0.1
40 silly currentTree ├── ms@2.0.0
40 silly currentTree ├── nanomatch@1.2.9
40 silly currentTree ├── negotiator@0.6.1
40 silly currentTree ├─┬ nodemon@1.17.3
40 silly currentTree │ └── debug@3.1.0
40 silly currentTree ├── nofilter@0.0.3
40 silly currentTree ├── nopt@1.0.10
40 silly currentTree ├── normalize-path@2.1.1
40 silly currentTree ├── npm-run-path@2.0.2
40 silly currentTree ├── oauth-sign@0.8.2
40 silly currentTree ├── object-assign@4.1.0
40 silly currentTree ├── object-component@0.0.3
40 silly currentTree ├─┬ object-copy@0.1.0
40 silly currentTree │ ├── define-property@0.2.5
40 silly currentTree │ └── kind-of@3.2.2
40 silly currentTree ├── object-visit@1.0.1
40 silly currentTree ├── object.pick@1.3.0
40 silly currentTree ├── on-finished@2.3.0
40 silly currentTree ├── on-headers@1.0.1
40 silly currentTree ├── once@1.4.0
40 silly currentTree ├── options@0.0.6
40 silly currentTree ├── p-finally@1.0.0
40 silly currentTree ├── package-json@4.0.1
40 silly currentTree ├── parsejson@0.0.3
40 silly currentTree ├── parseqs@0.0.5
40 silly currentTree ├── parseuri@0.0.5
40 silly currentTree ├── parseurl@1.3.2
40 silly currentTree ├── pascalcase@0.1.1
40 silly currentTree ├── path-dirname@1.0.2
40 silly currentTree ├── path-is-absolute@1.0.1
40 silly currentTree ├── path-is-inside@1.0.2
40 silly currentTree ├── path-key@2.0.1
40 silly currentTree ├── path-to-regexp@0.1.7
40 silly currentTree ├── pause-stream@0.0.11
40 silly currentTree ├── performance-now@2.1.0
40 silly currentTree ├── pify@3.0.0
40 silly currentTree ├── pkginfo@0.3.1
40 silly currentTree ├── posix-character-classes@0.1.1
40 silly currentTree ├── prepend-http@1.0.4
40 silly currentTree ├── process-nextick-args@2.0.0
40 silly currentTree ├── proxy-addr@2.0.3
40 silly currentTree ├── ps-tree@1.1.0
40 silly currentTree ├── pseudomap@1.0.2
40 silly currentTree ├── pstree.remy@1.1.0
40 silly currentTree ├── punycode@1.4.1
40 silly currentTree ├── python-shell@0.4.0
40 silly currentTree ├── qs@6.5.1
40 silly currentTree ├── randombytes@2.0.6
40 silly currentTree ├── range-parser@1.2.0
40 silly currentTree ├─┬ raw-body@2.3.2
40 silly currentTree │ ├── depd@1.1.1
40 silly currentTree │ ├── http-errors@1.6.2
40 silly currentTree │ └── setprototypeof@1.0.3
40 silly currentTree ├── rc@1.2.6
40 silly currentTree ├── readable-stream@2.3.6
40 silly currentTree ├── readdirp@2.1.0
40 silly currentTree ├── regex-not@1.0.2
40 silly currentTree ├── registry-auth-token@3.3.2
40 silly currentTree ├── registry-url@3.1.0
40 silly currentTree ├── remove-trailing-separator@1.1.0
40 silly currentTree ├── repeat-element@1.1.2
40 silly currentTree ├── repeat-string@1.6.1
40 silly currentTree ├── request-promise@3.0.0
40 silly currentTree ├── request@2.85.0
40 silly currentTree ├── resolve-url@0.2.1
40 silly currentTree ├── ret@0.1.15
40 silly currentTree ├─┬ rethinkdb@2.3.3
40 silly currentTree │ └── bluebird@2.11.0
40 silly currentTree ├── ripemd160@2.0.2
40 silly currentTree ├── safe-buffer@5.1.1
40 silly currentTree ├── safe-regex@1.1.0
40 silly currentTree ├─┬ sawtooth-client@0.1.0
40 silly currentTree │ ├── bigi@1.4.1
40 silly currentTree │ ├── bignumber.js@2.3.0
40 silly currentTree │ ├── bitcoinjs-lib@2.2.0
40 silly currentTree │ ├── cbor@1.0.4
40 silly currentTree │ ├── immutable@3.8.1
40 silly currentTree │ ├── underscore@1.8.3
40 silly currentTree │ └── wif@1.2.1
40 silly currentTree ├── semver-diff@2.1.0
40 silly currentTree ├── semver@5.5.0
40 silly currentTree ├─┬ send@0.16.2
40 silly currentTree │ └── statuses@1.4.0
40 silly currentTree ├── serve-static@1.13.2
40 silly currentTree ├── set-immediate-shim@1.0.1
40 silly currentTree ├─┬ set-value@2.0.0
40 silly currentTree │ └── extend-shallow@2.0.1
40 silly currentTree ├── setprototypeof@1.1.0
40 silly currentTree ├── sha.js@2.4.11
40 silly currentTree ├── sha256@0.2.0
40 silly currentTree ├── shebang-command@1.2.0
40 silly currentTree ├── shebang-regex@1.0.0
40 silly currentTree ├── signal-exit@3.0.2
40 silly currentTree ├─┬ snapdragon-node@2.1.1
40 silly currentTree │ ├── define-property@1.0.0
40 silly currentTree │ ├── is-accessor-descriptor@1.0.0
40 silly currentTree │ ├── is-data-descriptor@1.0.0
40 silly currentTree │ └── is-descriptor@1.0.2
40 silly currentTree ├─┬ snapdragon-util@3.0.1
40 silly currentTree │ └── kind-of@3.2.2
40 silly currentTree ├─┬ snapdragon@0.8.2
40 silly currentTree │ ├── define-property@0.2.5
40 silly currentTree │ ├── extend-shallow@2.0.1
40 silly currentTree │ └── source-map@0.5.7
40 silly currentTree ├── sntp@2.1.0
40 silly currentTree ├─┬ socket.io-adapter@0.5.0
40 silly currentTree │ ├── debug@2.3.3
40 silly currentTree │ └── ms@0.7.2
40 silly currentTree ├─┬ socket.io-client@1.7.4
40 silly currentTree │ ├── debug@2.3.3
40 silly currentTree │ └── ms@0.7.2
40 silly currentTree ├─┬ socket.io-parser@2.3.1
40 silly currentTree │ ├── component-emitter@1.1.2
40 silly currentTree │ ├── debug@2.2.0
40 silly currentTree │ ├── isarray@0.0.1
40 silly currentTree │ └── ms@0.7.1
40 silly currentTree ├─┬ socket.io@1.7.4
40 silly currentTree │ ├── debug@2.3.3
40 silly currentTree │ └── ms@0.7.2
40 silly currentTree ├── source-map-resolve@0.5.1
40 silly currentTree ├── source-map-support@0.5.4
40 silly currentTree ├── source-map-url@0.4.0
40 silly currentTree ├── source-map@0.6.1
40 silly currentTree ├── split-string@3.1.0
40 silly currentTree ├── split@0.3.3
40 silly currentTree ├── sshpk@1.14.1
40 silly currentTree ├── stack-trace@0.0.10
40 silly currentTree ├─┬ static-extend@0.1.2
40 silly currentTree │ └── define-property@0.2.5
40 silly currentTree ├── statuses@1.5.0
40 silly currentTree ├── stream-buffers@3.0.1
40 silly currentTree ├── stream-combiner@0.0.4
40 silly currentTree ├── string_decoder@1.1.1
40 silly currentTree ├── string-width@2.1.1
40 silly currentTree ├── stringstream@0.0.5
40 silly currentTree ├── strip-ansi@4.0.0
40 silly currentTree ├── strip-eof@1.0.0
40 silly currentTree ├── strip-json-comments@2.0.1
40 silly currentTree ├── supports-color@5.4.0
40 silly currentTree ├── term-size@1.2.0
40 silly currentTree ├── through@2.3.8
40 silly currentTree ├── timed-out@4.0.1
40 silly currentTree ├── to-array@0.1.4
40 silly currentTree ├─┬ to-object-path@0.3.0
40 silly currentTree │ └── kind-of@3.2.2
40 silly currentTree ├── to-regex-range@2.1.1
40 silly currentTree ├── to-regex@3.0.2
40 silly currentTree ├── touch@3.1.0
40 silly currentTree ├── tough-cookie@2.3.4
40 silly currentTree ├── tunnel-agent@0.6.0
40 silly currentTree ├── tweetnacl@0.14.5
40 silly currentTree ├── type-is@1.6.16
40 silly currentTree ├── typeforce@1.12.0
40 silly currentTree ├── ultron@1.0.2
40 silly currentTree ├── undefsafe@2.0.2
40 silly currentTree ├── underscore@1.9.0
40 silly currentTree ├─┬ union-value@1.0.0
40 silly currentTree │ ├── extend-shallow@2.0.1
40 silly currentTree │ └── set-value@0.4.3
40 silly currentTree ├── unique-string@1.0.0
40 silly currentTree ├── unpipe@1.0.0
40 silly currentTree ├─┬ unset-value@1.0.0
40 silly currentTree │ ├─┬ has-value@0.3.1
40 silly currentTree │ │ └── isobject@2.1.0
40 silly currentTree │ └── has-values@0.1.4
40 silly currentTree ├── unzip-response@2.0.1
40 silly currentTree ├── upath@1.0.4
40 silly currentTree ├── update-notifier@2.5.0
40 silly currentTree ├── urix@0.1.0
40 silly currentTree ├── url-parse-lax@1.0.0
40 silly currentTree ├── use@3.1.0
40 silly currentTree ├── util-deprecate@1.0.2
40 silly currentTree ├── utils-merge@1.0.1
40 silly currentTree ├── uuid@3.2.1
40 silly currentTree ├── vary@1.1.2
40 silly currentTree ├── verror@1.10.0
40 silly currentTree ├── which@1.3.0
40 silly currentTree ├── widest-line@2.0.0
40 silly currentTree ├── wif@2.0.6
40 silly currentTree ├── winston@1.1.2
40 silly currentTree ├── wrappy@1.0.2
40 silly currentTree ├── write-file-atomic@2.3.0
40 silly currentTree ├── ws@1.1.5
40 silly currentTree ├── wtf-8@1.0.0
40 silly currentTree ├── xdg-basedir@3.0.0
40 silly currentTree ├── xmlhttprequest-ssl@1.5.3
40 silly currentTree ├── yallist@2.1.2
40 silly currentTree └── yeast@0.1.2
41 silly idealTree sawtooth_bond_backend@0.0.0
41 silly idealTree ├── abbrev@1.1.1
41 silly idealTree ├── accepts@1.3.5
41 silly idealTree ├── after@0.8.2
41 silly idealTree ├── ajv@5.5.2
41 silly idealTree ├── ansi-align@2.0.0
41 silly idealTree ├── ansi-regex@3.0.0
41 silly idealTree ├── ansi-styles@3.2.1
41 silly idealTree ├── anymatch@2.0.0
41 silly idealTree ├── arr-diff@4.0.0
41 silly idealTree ├── arr-flatten@1.1.0
41 silly idealTree ├── arr-union@3.1.0
41 silly idealTree ├── array-flatten@1.1.1
41 silly idealTree ├── array-unique@0.3.2
41 silly idealTree ├── arraybuffer.slice@0.0.6
41 silly idealTree ├── asn1@0.2.3
41 silly idealTree ├── assert-plus@1.0.0
41 silly idealTree ├── assign-symbols@1.0.0
41 silly idealTree ├── async-each@1.0.1
41 silly idealTree ├── async@1.0.0
41 silly idealTree ├── asynckit@0.4.0
41 silly idealTree ├── atob@2.1.0
41 silly idealTree ├── aws-sign2@0.7.0
41 silly idealTree ├── aws4@1.7.0
41 silly idealTree ├── backo2@1.0.2
41 silly idealTree ├── balanced-match@1.0.0
41 silly idealTree ├── base-x@1.1.0
41 silly idealTree ├─┬ base@0.11.2
41 silly idealTree │ ├── define-property@1.0.0
41 silly idealTree │ ├── is-accessor-descriptor@1.0.0
41 silly idealTree │ ├── is-data-descriptor@1.0.0
41 silly idealTree │ └── is-descriptor@1.0.2
41 silly idealTree ├── base64-arraybuffer@0.1.5
41 silly idealTree ├── base64id@1.0.0
41 silly idealTree ├── bcrypt-pbkdf@1.0.1
41 silly idealTree ├── better-assert@1.0.2
41 silly idealTree ├── bigi@1.4.2
41 silly idealTree ├── bignumber.js@2.4.0
41 silly idealTree ├── binary-extensions@1.11.0
41 silly idealTree ├── binstring@0.2.1
41 silly idealTree ├── bip66@1.1.5
41 silly idealTree ├── bitcoinjs-lib@2.3.0
41 silly idealTree ├── blob@0.0.4
41 silly idealTree ├── bluebird@3.5.1
41 silly idealTree ├── body-parser@1.18.2
41 silly idealTree ├── boom@4.3.1
41 silly idealTree ├── boxen@1.3.0
41 silly idealTree ├── brace-expansion@1.1.11
41 silly idealTree ├─┬ braces@2.3.2
41 silly idealTree │ └── extend-shallow@2.0.1
41 silly idealTree ├── bs58@3.1.0
41 silly idealTree ├── bs58check@1.3.4
41 silly idealTree ├── buffer-compare@1.1.1
41 silly idealTree ├── buffer-equals@1.0.4
41 silly idealTree ├── buffer-reverse@1.0.1
41 silly idealTree ├── bytes@3.0.0
41 silly idealTree ├── cache-base@1.0.1
41 silly idealTree ├── callsite@1.0.0
41 silly idealTree ├── camelcase@4.1.0
41 silly idealTree ├── capture-stack-trace@1.0.0
41 silly idealTree ├── caseless@0.12.0
41 silly idealTree ├── cbor@1.0.6
41 silly idealTree ├── chalk@2.4.0
41 silly idealTree ├── chokidar@2.0.3
41 silly idealTree ├── ci-info@1.1.3
41 silly idealTree ├── cipher-base@1.0.4
41 silly idealTree ├─┬ class-utils@0.3.6
41 silly idealTree │ └── define-property@0.2.5
41 silly idealTree ├── cli-boxes@1.0.0
41 silly idealTree ├── co@4.6.0
41 silly idealTree ├── collection-visit@1.0.0
41 silly idealTree ├── color-convert@1.9.1
41 silly idealTree ├── color-name@1.1.3
41 silly idealTree ├── colors@1.0.3
41 silly idealTree ├── combined-stream@1.0.6
41 silly idealTree ├── commander@2.15.1
41 silly idealTree ├── component-bind@1.0.0
41 silly idealTree ├── component-emitter@1.2.1
41 silly idealTree ├── component-inherit@0.0.3
41 silly idealTree ├── compressible@2.0.13
41 silly idealTree ├── compression@1.7.2
41 silly idealTree ├── concat-map@0.0.1
41 silly idealTree ├── configstore@3.1.2
41 silly idealTree ├── connect-flash@0.1.1
41 silly idealTree ├── content-disposition@0.5.2
41 silly idealTree ├── content-type@1.0.4
41 silly idealTree ├── convert-hex@0.1.0
41 silly idealTree ├── convert-string@0.1.0
41 silly idealTree ├── cookie-parser@1.4.3
41 silly idealTree ├── cookie-signature@1.0.6
41 silly idealTree ├── cookie@0.3.1
41 silly idealTree ├── copy-descriptor@0.1.1
41 silly idealTree ├── core-util-is@1.0.2
41 silly idealTree ├── create-error-class@3.0.2
41 silly idealTree ├── create-hash@1.2.0
41 silly idealTree ├── create-hmac@1.1.7
41 silly idealTree ├── cross-spawn@5.1.0
41 silly idealTree ├─┬ cryptiles@3.1.2
41 silly idealTree │ └── boom@5.2.0
41 silly idealTree ├── crypto-random-string@1.0.0
41 silly idealTree ├── cycle@1.0.3
41 silly idealTree ├── dashdash@1.14.1
41 silly idealTree ├── debug@2.6.9
41 silly idealTree ├── decode-uri-component@0.2.0
41 silly idealTree ├── deep-extend@0.4.2
41 silly idealTree ├─┬ define-property@2.0.2
41 silly idealTree │ ├── is-accessor-descriptor@1.0.0
41 silly idealTree │ ├── is-data-descriptor@1.0.0
41 silly idealTree │ └── is-descriptor@1.0.2
41 silly idealTree ├── delayed-stream@1.0.0
41 silly idealTree ├── delimit-stream@0.1.0
41 silly idealTree ├── depd@1.1.2
41 silly idealTree ├── destroy@1.0.4
41 silly idealTree ├── dot-prop@4.2.0
41 silly idealTree ├── duplexer@0.1.1
41 silly idealTree ├── duplexer3@0.1.4
41 silly idealTree ├── ecc-jsbn@0.1.1
41 silly idealTree ├── ecurve@1.0.6
41 silly idealTree ├── ee-first@1.1.1
41 silly idealTree ├── encodeurl@1.0.2
41 silly idealTree ├─┬ engine.io-client@1.8.5
41 silly idealTree │ ├── debug@2.3.3
41 silly idealTree │ └── ms@0.7.2
41 silly idealTree ├── engine.io-parser@1.3.2
41 silly idealTree ├─┬ engine.io@1.8.5
41 silly idealTree │ ├── accepts@1.3.3
41 silly idealTree │ ├── debug@2.3.3
41 silly idealTree │ └── ms@0.7.2
41 silly idealTree ├── escape-html@1.0.3
41 silly idealTree ├── escape-string-regexp@1.0.5
41 silly idealTree ├── etag@1.8.1
41 silly idealTree ├── event-stream@3.3.4
41 silly idealTree ├── execa@0.7.0
41 silly idealTree ├── exit@0.1.2
41 silly idealTree ├─┬ expand-brackets@2.1.4
41 silly idealTree │ ├── define-property@0.2.5
41 silly idealTree │ └── extend-shallow@2.0.1
41 silly idealTree ├─┬ express@4.16.3
41 silly idealTree │ └── statuses@1.4.0
41 silly idealTree ├─┬ extend-shallow@3.0.2
41 silly idealTree │ └── is-extendable@1.0.1
41 silly idealTree ├── extend@3.0.1
41 silly idealTree ├─┬ extglob@2.0.4
41 silly idealTree │ ├── define-property@1.0.0
41 silly idealTree │ ├── extend-shallow@2.0.1
41 silly idealTree │ ├── is-accessor-descriptor@1.0.0
41 silly idealTree │ ├── is-data-descriptor@1.0.0
41 silly idealTree │ └── is-descriptor@1.0.2
41 silly idealTree ├── extsprintf@1.3.0
41 silly idealTree ├── eyes@0.1.8
41 silly idealTree ├── fast-deep-equal@1.1.0
41 silly idealTree ├── fast-json-stable-stringify@2.0.0
41 silly idealTree ├─┬ fill-range@4.0.0
41 silly idealTree │ └── extend-shallow@2.0.1
41 silly idealTree ├─┬ finalhandler@1.1.1
41 silly idealTree │ └── statuses@1.4.0
41 silly idealTree ├── for-in@1.0.2
41 silly idealTree ├── forever-agent@0.6.1
41 silly idealTree ├── form-data@2.3.2
41 silly idealTree ├── forwarded@0.1.2
41 silly idealTree ├── fragment-cache@0.2.1
41 silly idealTree ├── fresh@0.5.2
41 silly idealTree ├── from@0.1.7
41 silly idealTree ├── fs.realpath@1.0.0
41 silly idealTree ├── get-stream@3.0.0
41 silly idealTree ├── get-value@2.0.6
41 silly idealTree ├── getpass@0.1.7
41 silly idealTree ├─┬ glob-parent@3.1.0
41 silly idealTree │ └── is-glob@3.1.0
41 silly idealTree ├── glob@7.1.2
41 silly idealTree ├── global-dirs@0.1.1
41 silly idealTree ├── got@6.7.1
41 silly idealTree ├── graceful-fs@4.1.11
41 silly idealTree ├── har-schema@2.0.0
41 silly idealTree ├── har-validator@5.0.3
41 silly idealTree ├─┬ has-binary@0.1.7
41 silly idealTree │ └── isarray@0.0.1
41 silly idealTree ├── has-cors@1.1.0
41 silly idealTree ├── has-flag@3.0.0
41 silly idealTree ├── has-value@1.0.0
41 silly idealTree ├─┬ has-values@1.0.0
41 silly idealTree │ └── kind-of@4.0.0
41 silly idealTree ├── hash-base@3.0.4
41 silly idealTree ├── hawk@6.0.2
41 silly idealTree ├── hoek@4.2.1
41 silly idealTree ├── http-errors@1.6.3
41 silly idealTree ├── http-signature@1.2.0
41 silly idealTree ├── iconv-lite@0.4.19
41 silly idealTree ├── ignore-by-default@1.0.1
41 silly idealTree ├── immutable@3.8.2
41 silly idealTree ├── import-lazy@2.1.0
41 silly idealTree ├── imurmurhash@0.1.4
41 silly idealTree ├── indexof@0.0.1
41 silly idealTree ├── inflight@1.0.6
41 silly idealTree ├── inherits@2.0.3
41 silly idealTree ├── ini@1.3.5
41 silly idealTree ├── ipaddr.js@1.6.0
41 silly idealTree ├─┬ is-accessor-descriptor@0.1.6
41 silly idealTree │ └── kind-of@3.2.2
41 silly idealTree ├── is-binary-path@1.0.1
41 silly idealTree ├── is-buffer@1.1.6
41 silly idealTree ├── is-ci@1.1.0
41 silly idealTree ├─┬ is-data-descriptor@0.1.4
41 silly idealTree │ └── kind-of@3.2.2
41 silly idealTree ├─┬ is-descriptor@0.1.6
41 silly idealTree │ └── kind-of@5.1.0
41 silly idealTree ├── is-extendable@0.1.1
41 silly idealTree ├── is-extglob@2.1.1
41 silly idealTree ├── is-fullwidth-code-point@2.0.0
41 silly idealTree ├── is-glob@4.0.0
41 silly idealTree ├── is-installed-globally@0.1.0
41 silly idealTree ├── is-npm@1.0.0
41 silly idealTree ├─┬ is-number@3.0.0
41 silly idealTree │ └── kind-of@3.2.2
41 silly idealTree ├── is-obj@1.0.1
41 silly idealTree ├─┬ is-odd@2.0.0
41 silly idealTree │ └── is-number@4.0.0
41 silly idealTree ├── is-path-inside@1.0.1
41 silly idealTree ├── is-plain-object@2.0.4
41 silly idealTree ├── is-redirect@1.0.0
41 silly idealTree ├── is-retry-allowed@1.1.0
41 silly idealTree ├── is-stream@1.1.0
41 silly idealTree ├── is-typedarray@1.0.0
41 silly idealTree ├── is-windows@1.0.2
41 silly idealTree ├── isarray@1.0.0
41 silly idealTree ├── isexe@2.0.0
41 silly idealTree ├── isobject@3.0.1
41 silly idealTree ├── isstream@0.1.2
41 silly idealTree ├── jasmine-core@2.99.1
41 silly idealTree ├─┬ jasmine-spec-reporter@2.7.0
41 silly idealTree │ └── colors@1.1.2
41 silly idealTree ├── jasmine@2.99.0
41 silly idealTree ├── js-schema@1.0.1
41 silly idealTree ├── jsbn@0.1.1
41 silly idealTree ├── json-schema-traverse@0.3.1
41 silly idealTree ├── json-schema@0.2.3
41 silly idealTree ├── json-stringify-safe@5.0.1
41 silly idealTree ├── json-text-sequence@0.1.1
41 silly idealTree ├── json3@3.3.2
41 silly idealTree ├── jsprim@1.4.1
41 silly idealTree ├── kind-of@6.0.2
41 silly idealTree ├── latest-version@3.1.0
41 silly idealTree ├── lodash@4.17.5
41 silly idealTree ├── longjohn@0.2.12
41 silly idealTree ├── lowercase-keys@1.0.1
41 silly idealTree ├── lru-cache@4.1.2
41 silly idealTree ├── make-dir@1.2.0
41 silly idealTree ├── map-cache@0.2.2
41 silly idealTree ├── map-stream@0.1.0
41 silly idealTree ├── map-visit@1.0.0
41 silly idealTree ├── md5.js@1.3.4
41 silly idealTree ├── media-typer@0.3.0
41 silly idealTree ├── merge-descriptors@1.0.1
41 silly idealTree ├── methods@1.1.2
41 silly idealTree ├── micromatch@3.1.10
41 silly idealTree ├── mime-db@1.33.0
41 silly idealTree ├── mime-types@2.1.18
41 silly idealTree ├── mime@1.4.1
41 silly idealTree ├── minimatch@3.0.4
41 silly idealTree ├── minimist@1.2.0
41 silly idealTree ├─┬ mixin-deep@1.3.1
41 silly idealTree │ └── is-extendable@1.0.1
41 silly idealTree ├── ms@2.0.0
41 silly idealTree ├── nanomatch@1.2.9
41 silly idealTree ├── negotiator@0.6.1
41 silly idealTree ├─┬ nodemon@1.17.3
41 silly idealTree │ └── debug@3.1.0
41 silly idealTree ├── nofilter@0.0.3
41 silly idealTree ├── nopt@1.0.10
41 silly idealTree ├── normalize-path@2.1.1
41 silly idealTree ├── npm-run-path@2.0.2
41 silly idealTree ├── oauth-sign@0.8.2
41 silly idealTree ├── object-assign@4.1.0
41 silly idealTree ├── object-component@0.0.3
41 silly idealTree ├─┬ object-copy@0.1.0
41 silly idealTree │ ├── define-property@0.2.5
41 silly idealTree │ └── kind-of@3.2.2
41 silly idealTree ├── object-visit@1.0.1
41 silly idealTree ├── object.pick@1.3.0
41 silly idealTree ├── on-finished@2.3.0
41 silly idealTree ├── on-headers@1.0.1
41 silly idealTree ├── once@1.4.0
41 silly idealTree ├── options@0.0.6
41 silly idealTree ├── p-finally@1.0.0
41 silly idealTree ├── package-json@4.0.1
41 silly idealTree ├── parsejson@0.0.3
41 silly idealTree ├── parseqs@0.0.5
41 silly idealTree ├── parseuri@0.0.5
41 silly idealTree ├── parseurl@1.3.2
41 silly idealTree ├── pascalcase@0.1.1
41 silly idealTree ├── path-dirname@1.0.2
41 silly idealTree ├── path-is-absolute@1.0.1
41 silly idealTree ├── path-is-inside@1.0.2
41 silly idealTree ├── path-key@2.0.1
41 silly idealTree ├── path-to-regexp@0.1.7
41 silly idealTree ├── pause-stream@0.0.11
41 silly idealTree ├── performance-now@2.1.0
41 silly idealTree ├── pify@3.0.0
41 silly idealTree ├── pkginfo@0.3.1
41 silly idealTree ├── posix-character-classes@0.1.1
41 silly idealTree ├── prepend-http@1.0.4
41 silly idealTree ├── process-nextick-args@2.0.0
41 silly idealTree ├── proxy-addr@2.0.3
41 silly idealTree ├── ps-tree@1.1.0
41 silly idealTree ├── pseudomap@1.0.2
41 silly idealTree ├── pstree.remy@1.1.0
41 silly idealTree ├── punycode@1.4.1
41 silly idealTree ├── python-shell@0.4.0
41 silly idealTree ├── qs@6.5.1
41 silly idealTree ├── randombytes@2.0.6
41 silly idealTree ├── range-parser@1.2.0
41 silly idealTree ├─┬ raw-body@2.3.2
41 silly idealTree │ ├── depd@1.1.1
41 silly idealTree │ ├── http-errors@1.6.2
41 silly idealTree │ └── setprototypeof@1.0.3
41 silly idealTree ├── rc@1.2.6
41 silly idealTree ├── readable-stream@2.3.6
41 silly idealTree ├── readdirp@2.1.0
41 silly idealTree ├── regex-not@1.0.2
41 silly idealTree ├── registry-auth-token@3.3.2
41 silly idealTree ├── registry-url@3.1.0
41 silly idealTree ├── remove-trailing-separator@1.1.0
41 silly idealTree ├── repeat-element@1.1.2
41 silly idealTree ├── repeat-string@1.6.1
41 silly idealTree ├── request-promise@3.0.0
41 silly idealTree ├── request@2.85.0
41 silly idealTree ├── resolve-url@0.2.1
41 silly idealTree ├── ret@0.1.15
41 silly idealTree ├─┬ rethinkdb@2.3.3
41 silly idealTree │ └── bluebird@2.11.0
41 silly idealTree ├── ripemd160@2.0.2
41 silly idealTree ├── safe-buffer@5.1.1
41 silly idealTree ├── safe-regex@1.1.0
41 silly idealTree ├─┬ sawtooth-client@0.1.0
41 silly idealTree │ ├── bigi@1.4.1
41 silly idealTree │ ├── bignumber.js@2.3.0
41 silly idealTree │ ├── bitcoinjs-lib@2.2.0
41 silly idealTree │ ├── cbor@1.0.4
41 silly idealTree │ ├── immutable@3.8.1
41 silly idealTree │ ├── underscore@1.8.3
41 silly idealTree │ └── wif@1.2.1
41 silly idealTree ├── semver-diff@2.1.0
41 silly idealTree ├── semver@5.5.0
41 silly idealTree ├─┬ send@0.16.2
41 silly idealTree │ └── statuses@1.4.0
41 silly idealTree ├── serve-static@1.13.2
41 silly idealTree ├── set-immediate-shim@1.0.1
41 silly idealTree ├─┬ set-value@2.0.0
41 silly idealTree │ └── extend-shallow@2.0.1
41 silly idealTree ├── setprototypeof@1.1.0
41 silly idealTree ├── sha.js@2.4.11
41 silly idealTree ├── sha256@0.2.0
41 silly idealTree ├── shebang-command@1.2.0
41 silly idealTree ├── shebang-regex@1.0.0
41 silly idealTree ├── signal-exit@3.0.2
41 silly idealTree ├─┬ snapdragon-node@2.1.1
41 silly idealTree │ ├── define-property@1.0.0
41 silly idealTree │ ├── is-accessor-descriptor@1.0.0
41 silly idealTree │ ├── is-data-descriptor@1.0.0
41 silly idealTree │ └── is-descriptor@1.0.2
41 silly idealTree ├─┬ snapdragon-util@3.0.1
41 silly idealTree │ └── kind-of@3.2.2
41 silly idealTree ├─┬ snapdragon@0.8.2
41 silly idealTree │ ├── define-property@0.2.5
41 silly idealTree │ ├── extend-shallow@2.0.1
41 silly idealTree │ └── source-map@0.5.7
41 silly idealTree ├── sntp@2.1.0
41 silly idealTree ├─┬ socket.io-adapter@0.5.0
41 silly idealTree │ ├── debug@2.3.3
41 silly idealTree │ └── ms@0.7.2
41 silly idealTree ├─┬ socket.io-client@1.7.4
41 silly idealTree │ ├── debug@2.3.3
41 silly idealTree │ └── ms@0.7.2
41 silly idealTree ├─┬ socket.io-parser@2.3.1
41 silly idealTree │ ├── component-emitter@1.1.2
41 silly idealTree │ ├── debug@2.2.0
41 silly idealTree │ ├── isarray@0.0.1
41 silly idealTree │ └── ms@0.7.1
41 silly idealTree ├─┬ socket.io@1.7.4
41 silly idealTree │ ├── debug@2.3.3
41 silly idealTree │ └── ms@0.7.2
41 silly idealTree ├── source-map-resolve@0.5.1
41 silly idealTree ├── source-map-support@0.5.4
41 silly idealTree ├── source-map-url@0.4.0
41 silly idealTree ├── source-map@0.6.1
41 silly idealTree ├── split-string@3.1.0
41 silly idealTree ├── split@0.3.3
41 silly idealTree ├── sshpk@1.14.1
41 silly idealTree ├── stack-trace@0.0.10
41 silly idealTree ├─┬ static-extend@0.1.2
41 silly idealTree │ └── define-property@0.2.5
41 silly idealTree ├── statuses@1.5.0
41 silly idealTree ├── stream-buffers@3.0.1
41 silly idealTree ├── stream-combiner@0.0.4
41 silly idealTree ├── string_decoder@1.1.1
41 silly idealTree ├── string-width@2.1.1
41 silly idealTree ├── stringstream@0.0.5
41 silly idealTree ├── strip-ansi@4.0.0
41 silly idealTree ├── strip-eof@1.0.0
41 silly idealTree ├── strip-json-comments@2.0.1
41 silly idealTree ├── supports-color@5.4.0
41 silly idealTree ├── term-size@1.2.0
41 silly idealTree ├── through@2.3.8
41 silly idealTree ├── timed-out@4.0.1
41 silly idealTree ├── to-array@0.1.4
41 silly idealTree ├─┬ to-object-path@0.3.0
41 silly idealTree │ └── kind-of@3.2.2
41 silly idealTree ├── to-regex-range@2.1.1
41 silly idealTree ├── to-regex@3.0.2
41 silly idealTree ├── touch@3.1.0
41 silly idealTree ├── tough-cookie@2.3.4
41 silly idealTree ├── tunnel-agent@0.6.0
41 silly idealTree ├── tweetnacl@0.14.5
41 silly idealTree ├── type-is@1.6.16
41 silly idealTree ├── typeforce@1.12.0
41 silly idealTree ├── ultron@1.0.2
41 silly idealTree ├── undefsafe@2.0.2
41 silly idealTree ├── underscore@1.9.0
41 silly idealTree ├─┬ union-value@1.0.0
41 silly idealTree │ ├── extend-shallow@2.0.1
41 silly idealTree │ └── set-value@0.4.3
41 silly idealTree ├── unique-string@1.0.0
41 silly idealTree ├── unpipe@1.0.0
41 silly idealTree ├─┬ unset-value@1.0.0
41 silly idealTree │ ├─┬ has-value@0.3.1
41 silly idealTree │ │ └── isobject@2.1.0
41 silly idealTree │ └── has-values@0.1.4
41 silly idealTree ├── unzip-response@2.0.1
41 silly idealTree ├── upath@1.0.4
41 silly idealTree ├── update-notifier@2.5.0
41 silly idealTree ├── urix@0.1.0
41 silly idealTree ├── url-parse-lax@1.0.0
41 silly idealTree ├── use@3.1.0
41 silly idealTree ├── util-deprecate@1.0.2
41 silly idealTree ├── utils-merge@1.0.1
41 silly idealTree ├── uuid@3.2.1
41 silly idealTree ├── vary@1.1.2
41 silly idealTree ├── verror@1.10.0
41 silly idealTree ├── which@1.3.0
41 silly idealTree ├── widest-line@2.0.0
41 silly idealTree ├── wif@2.0.6
41 silly idealTree ├── winston@1.1.2
41 silly idealTree ├── wrappy@1.0.2
41 silly idealTree ├── write-file-atomic@2.3.0
41 silly idealTree ├── ws@1.1.5
41 silly idealTree ├── wtf-8@1.0.0
41 silly idealTree ├── xdg-basedir@3.0.0
41 silly idealTree ├── xmlhttprequest-ssl@1.5.3
41 silly idealTree ├── yallist@2.1.2
41 silly idealTree └── yeast@0.1.2
42 silly generateActionsToTake Starting
43 silly install generateActionsToTake
44 silly generateActionsToTake Finishing
45 silly diffTrees action count 0
46 silly decomposeActions action count 0
47 silly executeActions Starting
48 silly install executeActions
49 silly doSerial global-install 0
50 silly doParallel fetch 0
51 verbose lock using /home/gaby/.npm/_locks/staging-fe0dcacc089b872d.lock for /home/gaby/Documents/project/sawtooth-core/extensions/bond/ui/server/node_modules/.staging
52 verbose unlock done using /home/gaby/.npm/_locks/staging-fe0dcacc089b872d.lock for /home/gaby/Documents/project/sawtooth-core/extensions/bond/ui/server/node_modules/.staging
53 silly rollbackFailedOptional Starting
54 silly rollbackFailedOptional Finishing
55 silly runTopLevelLifecycles Starting
56 silly runTopLevelLifecycles Finishing
57 silly install printInstalled
58 warn optional Skipping failed optional dependency /chokidar/fsevents:
59 warn notsup Not compatible with your operating system or architecture: fsevents@1.2.0
60 warn sawtooth_bond_backend@0.0.0 No repository field.
61 verbose stack Error: EACCES: permission denied, mkdir '/home/gaby/Documents/project/sawtooth-core/extensions/bond/ui/server/node_modules/.staging'
61 verbose stack     at Error (native)
62 verbose cwd /home/gaby/Documents/project/sawtooth-core/extensions/bond/ui/server
63 error Linux 4.10.0-42-generic
64 error argv "/usr/bin/nodejs" "/usr/bin/npm" "install"
65 error node v4.7.2
66 error npm  v3.5.2
67 error path /home/gaby/Documents/project/sawtooth-core/extensions/bond/ui/server/node_modules/.staging
68 error code EACCES
69 error errno -13
70 error syscall mkdir
71 error Error: EACCES: permission denied, mkdir '/home/gaby/Documents/project/sawtooth-core/extensions/bond/ui/server/node_modules/.staging'
71 error     at Error (native)
71 error  { [Error: EACCES: permission denied, mkdir '/home/gaby/Documents/project/sawtooth-core/extensions/bond/ui/server/node_modules/.staging']
71 error   errno: -13,
71 error   code: 'EACCES',
71 error   syscall: 'mkdir',
71 error   path: '/home/gaby/Documents/project/sawtooth-core/extensions/bond/ui/server/node_modules/.staging' }
72 error Please try running this command again as root/Administrator.
73 verbose exit [ -13, true ]
