0 info it worked if it ends with ok
1 verbose cli [ '/usr/bin/nodejs', '/usr/bin/npm', 'run', 'build:deps' ]
2 info using npm@3.5.2
3 info using node@v4.2.6
4 verbose run-script [ 'prebuild:deps', 'build:deps', 'postbuild:deps' ]
5 info lifecycle @~prebuild:deps: @
6 silly lifecycle @~prebuild:deps: no script for prebuild:deps, continuing
7 info lifecycle @~build:deps: @
8 verbose lifecycle @~build:deps: unsafe-perm in lifecycle true
9 verbose lifecycle @~build:deps: PATH: /usr/share/npm/bin/node-gyp-bin:/project/sawtooth-core/extensions/mktplace/navigator/client/node_modules/.bin:/home/vagrant/bin:/home/vagrant/.local/bin:/usr/local/sbin:/usr/local/bin:/usr/sbin:/usr/bin:/sbin:/bin:/usr/games:/usr/local/games:/snap/bin:/usr/lib/jvm/java-8-oracle/bin:/usr/lib/jvm/java-8-oracle/db/bin:/usr/lib/jvm/java-8-oracle/jre/bin:/project/sawtooth-core/bin
10 verbose lifecycle @~build:deps: CWD: /project/sawtooth-core/extensions/mktplace/navigator/client
11 silly lifecycle @~build:deps: Args: [ '-c', 'webpack' ]
12 info lifecycle @~build:deps: Failed to exec build:deps script
13 verbose stack Error: @ build:deps: `webpack`
13 verbose stack spawn ENOENT
13 verbose stack     at ChildProcess.<anonymous> (/usr/share/npm/lib/utils/spawn.js:17:16)
13 verbose stack     at emitTwo (events.js:87:13)
13 verbose stack     at ChildProcess.emit (events.js:172:7)
13 verbose stack     at maybeClose (internal/child_process.js:821:16)
13 verbose stack     at Process.ChildProcess._handle.onexit (internal/child_process.js:211:5)
14 verbose pkgid @
15 verbose cwd /project/sawtooth-core/extensions/mktplace/navigator/client
16 error Linux 4.4.0-119-generic
17 error argv "/usr/bin/nodejs" "/usr/bin/npm" "run" "build:deps"
18 error node v4.2.6
19 error npm  v3.5.2
20 error file sh
21 error code ELIFECYCLE
22 error errno ENOENT
23 error syscall spawn
24 error @ build:deps: `webpack`
24 error spawn ENOENT
25 error Failed at the @ build:deps script 'webpack'.
25 error Make sure you have the latest version of node.js and npm installed.
25 error If you do, this is most likely a problem with the  package,
25 error not with npm itself.
25 error Tell the author that this fails on your system:
25 error     webpack
25 error You can get information on how to open an issue for this project with:
25 error     npm bugs
25 error Or if that isn't available, you can get their info via:
25 error     npm owner ls
25 error There is likely additional logging output above.
26 verbose exit [ 1, true ]
